gaeun/SunsetAPI_CameraFlash_test/app/build/intermediates/manifest_merge_blame_file/debug/manifest-merger-blame-debug-report.txt
1<?xml version="1.0" encoding="utf-8"?>
2<manifest xmlns:android="http://schemas.android.com/apk/res/android"
3    package="com.example.sunsetapi_cameraflash_test"
4    android:versionCode="1"
5    android:versionName="1.0" >
6
7    <uses-sdk
8        android:minSdkVersion="26"
8-->src\main\AndroidManifest.xml
9        android:targetSdkVersion="31" />
9-->src\main\AndroidManifest.xml
10
11    <!-- Todo:- 조도센서 없는건 못사용하게 구분함. -->
12    <uses-feature
12-->src\main\AndroidManifest.xml:6:5-90
13        android:name="android.hardware.sensor.light"
13-->src\main\AndroidManifest.xml:6:19-63
14        android:required="false" />
14-->src\main\AndroidManifest.xml:6:64-88
15
16    <!-- Todo:- 카메라 허용 -->
17    <uses-permission android:name="android.permission.CAMERA" />
17-->src\main\AndroidManifest.xml:9:5-65
17-->src\main\AndroidManifest.xml:9:22-62
18
19    <uses-feature android:name="android.hardware.camera" />
19-->src\main\AndroidManifest.xml:10:5-60
19-->src\main\AndroidManifest.xml:10:19-57
20
21    <!-- Todo:- 네트워크 사용에 대한 퍼미션 -->
22    <uses-permission android:name="android.permission.INTERNET" />
22-->src\main\AndroidManifest.xml:13:5-66
22-->src\main\AndroidManifest.xml:13:22-64
23
24    <application
24-->src\main\AndroidManifest.xml:15:5-41:19
25        android:allowBackup="true"
25-->src\main\AndroidManifest.xml:16:9-35
26        android:appComponentFactory="androidx.core.app.CoreComponentFactory"
26-->[androidx.core:core:1.5.0] AndroidManifest.xml:24:18-86
27        android:debuggable="true"
28        android:extractNativeLibs="false"
29        android:icon="@mipmap/ic_launcher"
29-->src\main\AndroidManifest.xml:17:9-43
30        android:label="@string/app_name"
30-->src\main\AndroidManifest.xml:18:9-41
31        android:roundIcon="@mipmap/ic_launcher_round"
31-->src\main\AndroidManifest.xml:19:9-54
32        android:supportsRtl="true"
32-->src\main\AndroidManifest.xml:20:9-35
33        android:testOnly="true"
34        android:theme="@style/Theme.SunsetAPI_CameraFlash_test"
34-->src\main\AndroidManifest.xml:21:9-64
35        android:usesCleartextTraffic="true" > <!-- Todo:- 모든 http 통신 가능함 -->
35-->src\main\AndroidManifest.xml:22:9-44
36        <activity
36-->src\main\AndroidManifest.xml:23:9-31:20
37            android:name="com.example.sunsetapi_cameraflash_test.ViewController.MainActivity"
37-->src\main\AndroidManifest.xml:24:13-56
38            android:enabled="true"
38-->src\main\AndroidManifest.xml:25:13-35
39            android:exported="true" >
39-->src\main\AndroidManifest.xml:26:13-36
40            <intent-filter>
40-->src\main\AndroidManifest.xml:27:13-30:29
41                <action android:name="android.intent.action.MAIN" />
41-->src\main\AndroidManifest.xml:28:17-69
41-->src\main\AndroidManifest.xml:28:25-66
42
43                <category android:name="android.intent.category.LAUNCHER" />
43-->src\main\AndroidManifest.xml:29:17-77
43-->src\main\AndroidManifest.xml:29:27-74
44            </intent-filter>
45        </activity>
46        <!-- Todo:- 알람 보내기 -->
47        <receiver
47-->src\main\AndroidManifest.xml:33:9-39:20
48            android:name="com.example.sunsetapi_cameraflash_test.ViewController.AlarmReceiver"
48-->src\main\AndroidManifest.xml:33:19-63
49            android:enabled="true"
49-->src\main\AndroidManifest.xml:34:13-35
50            android:exported="false" >
50-->src\main\AndroidManifest.xml:35:13-37
51            <intent-filter>
51-->src\main\AndroidManifest.xml:36:13-38:29
52                <action android:name="android.intent.action.BOOT_COMPLETED" />
52-->src\main\AndroidManifest.xml:37:17-79
52-->src\main\AndroidManifest.xml:37:25-76
53            </intent-filter>
54        </receiver>
55    </application>
56
57</manifest>